<?xml version="1.0" encoding="UTF-8" ?>
<testsuite tests="3" failures="1" name="hellocucumber.RunCucumberTest" time="0.079" errors="0" skipped="0">
  <properties>
    <property name="java.runtime.name" value="Java(TM) SE Runtime Environment"/>
    <property name="sun.boot.library.path" value="D:\software\Java\jdk1.8.0_181\jre\bin"/>
    <property name="java.vm.version" value="25.181-b13"/>
    <property name="java.vm.vendor" value="Oracle Corporation"/>
    <property name="maven.multiModuleProjectDirectory" value="D:\Projects\Java_Self_Learning\hellocucumber"/>
    <property name="java.vendor.url" value="http://java.oracle.com/"/>
    <property name="path.separator" value=";"/>
    <property name="guice.disable.misplaced.annotation.check" value="true"/>
    <property name="java.vm.name" value="Java HotSpot(TM) 64-Bit Server VM"/>
    <property name="file.encoding.pkg" value="sun.io"/>
    <property name="user.script" value=""/>
    <property name="user.country" value="US"/>
    <property name="sun.java.launcher" value="SUN_STANDARD"/>
    <property name="sun.os.patch.level" value=""/>
    <property name="java.vm.specification.name" value="Java Virtual Machine Specification"/>
    <property name="user.dir" value="D:\Projects\Java_Self_Learning\hellocucumber"/>
    <property name="java.runtime.version" value="1.8.0_181-b13"/>
    <property name="java.awt.graphicsenv" value="sun.awt.Win32GraphicsEnvironment"/>
    <property name="java.endorsed.dirs" value="D:\software\Java\jdk1.8.0_181\jre\lib\endorsed"/>
    <property name="os.arch" value="amd64"/>
    <property name="java.io.tmpdir" value="C:\Temp\"/>
    <property name="line.separator" value="
"/>
    <property name="java.vm.specification.vendor" value="Oracle Corporation"/>
    <property name="user.variant" value=""/>
    <property name="os.name" value="Windows 10"/>
    <property name="classworlds.conf" value="D:\software\apache-maven-3.5.4\bin\..\bin\m2.conf"/>
    <property name="sun.jnu.encoding" value="GBK"/>
    <property name="java.library.path" value="D:\software\Java\jdk1.8.0_181\bin;C:\windows\Sun\Java\bin;C:\windows\system32;C:\windows;C:\Program Files (x86)\Common Files\Oracle\Java\javapath;C:\windows\system32;C:\windows;C:\windows\System32\Wbem;C:\windows\System32\WindowsPowerShell\v1.0\;C:\Program Files\Microsoft\Web Platform Installer\;C:\Program Files (x86)\Microsoft ASP.NET\ASP.NET Web Pages\v1.0\;C:\Program Files\Microsoft SQL Server\110\Tools\Binn\;C:\Users\fdorx4\.dnx\bin;C:\Program Files\Microsoft DNX\Dnvm\;C:\Program Files\Microsoft SQL Server\120\Tools\Binn\;C:\Program Files (x86)\Windows Kits\10\Windows Performance Toolkit\;D:\software\Java\jdk1.8.0_181\bin;D:\software\Jre\bin;D:\software\gradle-4.7\bin;D:\software\Git\cmd;D:\software\cli-master\cli-master\bin;D:\software\Cloud Foundry;D:\software\Graphviz2.38;C:\Program Files (x86)\NVIDIA Corporation\PhysX\Common;D:\software\apache-maven-3.5.4\bin;C:\Users\fdorx4\AppData\Local\Microsoft\WindowsApps;D:\software\gradle-4.7\bin;;."/>
    <property name="maven.conf" value="D:\software\apache-maven-3.5.4\bin\../conf"/>
    <property name="java.specification.name" value="Java Platform API Specification"/>
    <property name="java.class.version" value="52.0"/>
    <property name="sun.management.compiler" value="HotSpot 64-Bit Tiered Compilers"/>
    <property name="os.version" value="10.0"/>
    <property name="library.jansi.path" value="D:\software\apache-maven-3.5.4\bin\..\lib\jansi-native"/>
    <property name="user.home" value="C:\Users\fdorx4"/>
    <property name="user.timezone" value="Asia/Shanghai"/>
    <property name="java.awt.printerjob" value="sun.awt.windows.WPrinterJob"/>
    <property name="java.specification.version" value="1.8"/>
    <property name="file.encoding" value="GBK"/>
    <property name="user.name" value="fdorx4"/>
    <property name="java.class.path" value="D:\software\apache-maven-3.5.4\bin\..\boot\plexus-classworlds-2.5.2.jar"/>
    <property name="java.vm.specification.version" value="1.8"/>
    <property name="sun.arch.data.model" value="64"/>
    <property name="java.home" value="D:\software\Java\jdk1.8.0_181\jre"/>
    <property name="sun.java.command" value="org.codehaus.plexus.classworlds.launcher.Launcher test"/>
    <property name="java.specification.vendor" value="Oracle Corporation"/>
    <property name="user.language" value="en"/>
    <property name="awt.toolkit" value="sun.awt.windows.WToolkit"/>
    <property name="java.vm.info" value="mixed mode"/>
    <property name="java.version" value="1.8.0_181"/>
    <property name="java.ext.dirs" value="D:\software\Java\jdk1.8.0_181\jre\lib\ext;C:\windows\Sun\Java\lib\ext"/>
    <property name="sun.boot.class.path" value="D:\software\Java\jdk1.8.0_181\jre\lib\resources.jar;D:\software\Java\jdk1.8.0_181\jre\lib\rt.jar;D:\software\Java\jdk1.8.0_181\jre\lib\sunrsasign.jar;D:\software\Java\jdk1.8.0_181\jre\lib\jsse.jar;D:\software\Java\jdk1.8.0_181\jre\lib\jce.jar;D:\software\Java\jdk1.8.0_181\jre\lib\charsets.jar;D:\software\Java\jdk1.8.0_181\jre\lib\jfr.jar;D:\software\Java\jdk1.8.0_181\jre\classes"/>
    <property name="sun.stderr.encoding" value="ms936"/>
    <property name="java.vendor" value="Oracle Corporation"/>
    <property name="maven.home" value="D:\software\apache-maven-3.5.4\bin\.."/>
    <property name="file.separator" value="\"/>
    <property name="java.vendor.url.bug" value="http://bugreport.sun.com/bugreport/"/>
    <property name="sun.cpu.endian" value="little"/>
    <property name="sun.io.unicode.encoding" value="UnicodeLittle"/>
    <property name="sun.stdout.encoding" value="ms936"/>
    <property name="sun.desktop" value="windows"/>
    <property name="sun.cpu.isalist" value="amd64"/>
  </properties>
  <testcase classname="Is it Friday yet?" name="Sunday is not Friday" time="0.079"/>
  <testcase classname="Is it Friday yet?" name="Sunday is not Friday" time="0"/>
  <testcase classname="Is it Friday yet?" name="Sunday is not Friday" time="0">
    <failure message="expected:&lt;Nope[]&gt; but was:&lt;Nope[!]&gt;" type="org.junit.ComparisonFailure">org.junit.ComparisonFailure: expected:&lt;Nope[]&gt; but was:&lt;Nope[!]&gt;
	at org.junit.Assert.assertEquals(Assert.java:115)
	at org.junit.Assert.assertEquals(Assert.java:144)
	at hellocucumber.Stepdefs.i_should_be_told(Stepdefs.java:52)
	at âœ½.I should be told &quot;Nope&quot;(src/test/resources/hellocucumber/is_it_friday_yet.feature:7)
</failure>
    <system-out>
  Scenario Outline: Sunday is not Friday &amp;#27;[90m# src/test/resources/hellocucumber/is_it_friday_yet.feature:13&amp;#27;[0m
    &amp;#27;[32mGiven &amp;#27;[0m&amp;#27;[32mtoday is &quot;&amp;#27;[0m&amp;#27;[32m&amp;#27;[1manything else!&amp;#27;[0m&amp;#27;[32m&quot;&amp;#27;[0m      &amp;#27;[90m# Stepdefs.today_is(String)&amp;#27;[0m
    &amp;#27;[32mWhen &amp;#27;[0m&amp;#27;[32mI ask whether it&apos;s Friday yet&amp;#27;[0m   &amp;#27;[90m# Stepdefs.i_ask_whether_is_s_Friday_yet()&amp;#27;[0m
    &amp;#27;[31mThen &amp;#27;[0m&amp;#27;[31mI should be told &quot;&amp;#27;[0m&amp;#27;[31m&amp;#27;[1mNope&amp;#27;[0m&amp;#27;[31m&quot;&amp;#27;[0m         &amp;#27;[90m# Stepdefs.i_should_be_told(String)&amp;#27;[0m
      &amp;#27;[31morg.junit.ComparisonFailure: expected:&lt;Nope[]&gt; but was:&lt;Nope[!]&gt;
	at org.junit.Assert.assertEquals(Assert.java:115)
	at org.junit.Assert.assertEquals(Assert.java:144)
	at hellocucumber.Stepdefs.i_should_be_told(Stepdefs.java:52)
	at ?.I should be told &quot;Nope&quot;(src/test/resources/hellocucumber/is_it_friday_yet.feature:7)
&amp;#27;[0m
</system-out>
  </testcase>
</testsuite>